0 info it worked if it ends with ok
1 verbose cli [ '/usr/bin/nodejs', '/usr/bin/npm', 'start' ]
2 info using npm@3.10.10
3 info using node@v6.10.3
4 verbose run-script [ 'prestart', 'start', 'poststart' ]
5 info lifecycle test-react-input-pickers@1.0.0~prestart: test-react-input-pickers@1.0.0
6 silly lifecycle test-react-input-pickers@1.0.0~prestart: no script for prestart, continuing
7 info lifecycle test-react-input-pickers@1.0.0~start: test-react-input-pickers@1.0.0
8 verbose lifecycle test-react-input-pickers@1.0.0~start: unsafe-perm in lifecycle true
9 verbose lifecycle test-react-input-pickers@1.0.0~start: PATH: /usr/lib/node_modules/npm/bin/node-gyp-bin:/home/fateev/WebstormProjects/test-react-input-pickers/node_modules/.bin:/home/fateev/bin:/home/fateev/.local/bin:/home/fateev/bin:/home/fateev/.local/bin:/usr/local/sbin:/usr/local/bin:/usr/sbin:/usr/bin:/sbin:/bin:/usr/games:/usr/local/games:/snap/bin:/snap/bin
10 verbose lifecycle test-react-input-pickers@1.0.0~start: CWD: /home/fateev/WebstormProjects/test-react-input-pickers
11 silly lifecycle test-react-input-pickers@1.0.0~start: Args: [ '-c', 'react-scripts start' ]
12 silly lifecycle test-react-input-pickers@1.0.0~start: Returned: code: 1  signal: null
13 info lifecycle test-react-input-pickers@1.0.0~start: Failed to exec start script
14 verbose stack Error: test-react-input-pickers@1.0.0 start: `react-scripts start`
14 verbose stack Exit status 1
14 verbose stack     at EventEmitter.<anonymous> (/usr/lib/node_modules/npm/lib/utils/lifecycle.js:255:16)
14 verbose stack     at emitTwo (events.js:106:13)
14 verbose stack     at EventEmitter.emit (events.js:191:7)
14 verbose stack     at ChildProcess.<anonymous> (/usr/lib/node_modules/npm/lib/utils/spawn.js:40:14)
14 verbose stack     at emitTwo (events.js:106:13)
14 verbose stack     at ChildProcess.emit (events.js:191:7)
14 verbose stack     at maybeClose (internal/child_process.js:886:16)
14 verbose stack     at Process.ChildProcess._handle.onexit (internal/child_process.js:226:5)
15 verbose pkgid test-react-input-pickers@1.0.0
16 verbose cwd /home/fateev/WebstormProjects/test-react-input-pickers
17 error Linux 4.10.0-32-generic
18 error argv "/usr/bin/nodejs" "/usr/bin/npm" "start"
19 error node v6.10.3
20 error npm  v3.10.10
21 error code ELIFECYCLE
22 error test-react-input-pickers@1.0.0 start: `react-scripts start`
22 error Exit status 1
23 error Failed at the test-react-input-pickers@1.0.0 start script 'react-scripts start'.
23 error Make sure you have the latest version of node.js and npm installed.
23 error If you do, this is most likely a problem with the test-react-input-pickers package,
23 error not with npm itself.
23 error Tell the author that this fails on your system:
23 error     react-scripts start
23 error You can get information on how to open an issue for this project with:
23 error     npm bugs test-react-input-pickers
23 error Or if that isn't available, you can get their info via:
23 error     npm owner ls test-react-input-pickers
23 error There is likely additional logging output above.
24 verbose exit [ 1, true ]
